[    0.000000] Linux version 4.10.0-38-generic (buildd@lgw01-amd64-032) (gcc version 6.3.0 20170406 (Ubuntu 6.3.0-12ubuntu2) ) #42-Ubuntu SMP Tue Oct 10 13:24:27 UTC 2017 (Ubuntu 4.10.0-38.42-generic 4.10.17)
[    0.000000] Command line: BOOT_IMAGE=/boot/vmlinuz-4.10.0-38-generic root=LABEL=cloudimg-rootfs ro console=tty1 console=ttyS0
[    0.000000] KERNEL supported cpus:
[    0.000000]   Intel GenuineIntel
[    0.000000]   AMD AuthenticAMD
[    0.000000]   Centaur CentaurHauls
[    0.000000] x86/fpu: Supporting XSAVE feature 0x001: 'x87 floating point registers'
[    0.000000] x86/fpu: Supporting XSAVE feature 0x002: 'SSE registers'
[    0.000000] x86/fpu: Supporting XSAVE feature 0x004: 'AVX registers'
[    0.000000] x86/fpu: xstate_offset[2]:  576, xstate_sizes[2]:  256
[    0.000000] x86/fpu: Enabled xstate features 0x7, context size is 832 bytes, using 'standard' format.
[    0.000000] e820: BIOS-provided physical RAM map:
[    0.000000] BIOS-e820: [mem 0x0000000000000000-0x000000000009fbff] usable
[    0.000000] BIOS-e820: [mem 0x000000000009fc00-0x000000000009ffff] reserved
[    0.000000] BIOS-e820: [mem 0x00000000000f0000-0x00000000000fffff] reserved
[    0.000000] BIOS-e820: [mem 0x0000000000100000-0x000000001ffeffff] usable
[    0.000000] BIOS-e820: [mem 0x000000001fff0000-0x000000001fffffff] ACPI data
[    0.000000] BIOS-e820: [mem 0x00000000fec00000-0x00000000fec00fff] reserved
[    0.000000] BIOS-e820: [mem 0x00000000fee00000-0x00000000fee00fff] reserved
[    0.000000] BIOS-e820: [mem 0x00000000fffc0000-0x00000000ffffffff] reserved
[    0.000000] NX (Execute Disable) protection: active
[    0.000000] SMBIOS 2.5 present.
[    0.000000] DMI: innotek GmbH VirtualBox/VirtualBox, BIOS VirtualBox 12/01/2006
[    0.000000] Hypervisor detected: KVM
[    0.000000] e820: last_pfn = 0x1fff0 max_arch_pfn = 0x400000000
[    0.000000] MTRR: Disabled
[    0.000000] x86/PAT: MTRRs disabled, skipping PAT initialization too.
[    0.000000] x86/PAT: Configuration [0-7]: WB  WT  UC- UC  WB  WT  UC- UC  
[    0.000000] CPU MTRRs all blank - virtualized system.
[    0.000000] found SMP MP-table at [mem 0x0009fff0-0x0009ffff] mapped at [ffff981c8009fff0]
[    0.000000] Scanning 1 areas for low memory corruption
[    0.000000] RAMDISK: [mem 0x1eb9e000-0x1f6e0fff]
[    0.000000] ACPI: Early table checksum verification disabled
[    0.000000] ACPI: RSDP 0x00000000000E0000 000024 (v02 VBOX  )
[    0.000000] ACPI: XSDT 0x000000001FFF0030 00003C (v01 VBOX   VBOXXSDT 00000001 ASL  00000061)
[    0.000000] ACPI: FACP 0x000000001FFF00F0 0000F4 (v04 VBOX   VBOXFACP 00000001 ASL  00000061)
[    0.000000] ACPI: DSDT 0x000000001FFF0470 0021C8 (v02 VBOX   VBOXBIOS 00000002 INTL 20100528)
[    0.000000] ACPI: FACS 0x000000001FFF0200 000040
[    0.000000] ACPI: FACS 0x000000001FFF0200 000040
[    0.000000] ACPI: APIC 0x000000001FFF0240 00005C (v02 VBOX   VBOXAPIC 00000001 ASL  00000061)
[    0.000000] ACPI: SSDT 0x000000001FFF02A0 0001CC (v01 VBOX   VBOXCPUT 00000002 INTL 20100528)
[    0.000000] No NUMA configuration found
[    0.000000] Faking a node at [mem 0x0000000000000000-0x000000001ffeffff]
[    0.000000] NODE_DATA(0) allocated [mem 0x1ffc5000-0x1ffeffff]
[    0.000000] kvm-clock: Using msrs 4b564d01 and 4b564d00
[    0.000000] kvm-clock: cpu 0, msr 0:1ff45001, primary cpu clock
[    0.000000] kvm-clock: using sched offset of 5749517823 cycles
[    0.000000] clocksource: kvm-clock: mask: 0xffffffffffffffff max_cycles: 0x1cd42e4dffb, max_idle_ns: 881590591483 ns
[    0.000000] Zone ranges:
[    0.000000]   DMA      [mem 0x0000000000001000-0x0000000000ffffff]
[    0.000000]   DMA32    [mem 0x0000000001000000-0x000000001ffeffff]
[    0.000000]   Normal   empty
[    0.000000]   Device   empty
[    0.000000] Movable zone start for each node
[    0.000000] Early memory node ranges
[    0.000000]   node   0: [mem 0x0000000000001000-0x000000000009efff]
[    0.000000]   node   0: [mem 0x0000000000100000-0x000000001ffeffff]
[    0.000000] Initmem setup node 0 [mem 0x0000000000001000-0x000000001ffeffff]
[    0.000000] ACPI: PM-Timer IO Port: 0x4008
[    0.000000] IOAPIC[0]: apic_id 2, version 32, address 0xfec00000, GSI 0-23
[    0.000000] ACPI: INT_SRC_OVR (bus 0 bus_irq 0 global_irq 2 dfl dfl)
[    0.000000] ACPI: INT_SRC_OVR (bus 0 bus_irq 9 global_irq 9 high level)
[    0.000000] Using ACPI (MADT) for SMP configuration information
[    0.000000] smpboot: Allowing 2 CPUs, 0 hotplug CPUs
[    0.000000] PM: Registered nosave memory: [mem 0x00000000-0x00000fff]
[    0.000000] PM: Registered nosave memory: [mem 0x0009f000-0x0009ffff]
[    0.000000] PM: Registered nosave memory: [mem 0x000a0000-0x000effff]
[    0.000000] PM: Registered nosave memory: [mem 0x000f0000-0x000fffff]
[    0.000000] e820: [mem 0x20000000-0xfebfffff] available for PCI devices
[    0.000000] Booting paravirtualized kernel on KVM
[    0.000000] clocksource: refined-jiffies: mask: 0xffffffff max_cycles: 0xffffffff, max_idle_ns: 7645519600211568 ns
[    0.000000] setup_percpu: NR_CPUS:8192 nr_cpumask_bits:2 nr_cpu_ids:2 nr_node_ids:1
[    0.000000] percpu: Embedded 36 pages/cpu @ffff981c9fc00000 s107992 r8192 d31272 u1048576
[    0.000000] PV qspinlock hash table entries: 256 (order: 0, 4096 bytes)
[    0.000000] Built 1 zonelists in Node order, mobility grouping on.  Total pages: 128889
[    0.000000] Policy zone: DMA32
[    0.000000] Kernel command line: BOOT_IMAGE=/boot/vmlinuz-4.10.0-38-generic root=LABEL=cloudimg-rootfs ro console=tty1 console=ttyS0
[    0.000000] PID hash table entries: 2048 (order: 2, 16384 bytes)
[    0.000000] Memory: 482304K/523832K available (9093K kernel code, 1667K rwdata, 3820K rodata, 2236K init, 2364K bss, 41528K reserved, 0K cma-reserved)
[    0.000000] SLUB: HWalign=64, Order=0-3, MinObjects=0, CPUs=2, Nodes=1
[    0.000000] Hierarchical RCU implementation.
[    0.000000] 	Build-time adjustment of leaf fanout to 64.
[    0.000000] 	RCU restricting CPUs from NR_CPUS=8192 to nr_cpu_ids=2.
[    0.000000] RCU: Adjusting geometry for rcu_fanout_leaf=64, nr_cpu_ids=2
[    0.000000] NR_IRQS:524544 nr_irqs:440 16
[    0.000000] Console: colour VGA+ 80x25
[    0.000000] console [tty1] enabled
[    0.000000] console [ttyS0] enabled
[    0.000000] tsc: Detected 2711.998 MHz processor
[   10.707881] Calibrating delay loop (skipped) preset value.. 5423.99 BogoMIPS (lpj=10847992)
[   10.879208] pid_max: default: 32768 minimum: 301
[   10.959737] ACPI: Core revision 20160930
[   11.028694] ACPI: 2 ACPI AML tables successfully acquired and loaded
[   11.062749] Security Framework initialized
[   11.148143] Yama: becoming mindful.
[   11.210776] AppArmor: AppArmor initialized
[   11.300923] Dentry cache hash table entries: 65536 (order: 7, 524288 bytes)
[   11.447154] Inode-cache hash table entries: 32768 (order: 6, 262144 bytes)
[   11.616196] Mount-cache hash table entries: 1024 (order: 1, 8192 bytes)
[   11.759101] Mountpoint-cache hash table entries: 1024 (order: 1, 8192 bytes)
[   11.881455] CPU: Physical Processor ID: 0
[   11.953887] CPU: Processor Core ID: 0
[   12.021638] mce: CPU supports 0 MCE banks
[   12.110879] Last level iTLB entries: 4KB 64, 2MB 8, 4MB 8
[   12.163177] Last level dTLB entries: 4KB 64, 2MB 0, 4MB 0, 1GB 4
[   12.271259] Freeing SMP alternatives memory: 36K
[   12.367756] ftrace: allocating 34202 entries in 134 pages
[   12.464062] smpboot: Max logical packages: 1
[   12.557508] x2apic enabled
[   12.629114] Switched APIC routing to physical x2apic.
[   12.740718] ..TIMER: vector=0x30 apic1=0 pin1=2 apic2=-1 pin2=-1
[   12.959012] smpboot: CPU0: Intel(R) Core(TM) i7-6820HQ CPU @ 2.70GHz (family: 0x6, model: 0x5e, stepping: 0x3)
[   13.194508] Performance Events: unsupported p6 CPU model 94 no PMU driver, software events only.
[   13.318212] KVM setup paravirtual spinlock
[   13.407565] smp: Bringing up secondary CPUs ...
[   13.513121] x86: Booting SMP configuration:
[   13.603438] .... node  #0, CPUs:      #1
[   13.603645] kvm-clock: cpu 1, msr 0:1ff45041, secondary cpu clock
[   13.711647] mce: CPU supports 0 MCE banks
[   13.793549] smp: Brought up 1 node, 2 CPUs
[   13.878226] smpboot: Total of 2 processors activated (10847.99 BogoMIPS)
[   14.014865] devtmpfs: initialized
[   14.073263] x86/mm: Memory block size: 128MB
[   14.189231] evm: security.selinux
[   14.270642] evm: security.SMACK64
[   14.337006] evm: security.SMACK64EXEC
[   14.371763] evm: security.SMACK64TRANSMUTE
[   14.392952] evm: security.SMACK64MMAP
[   14.475207] evm: security.ima
[   14.566096] evm: security.capability
[   14.646701] clocksource: jiffies: mask: 0xffffffff max_cycles: 0xffffffff, max_idle_ns: 7645041785100000 ns
[   14.833615] futex hash table entries: 512 (order: 3, 32768 bytes)
[   14.978084] pinctrl core: initialized pinctrl subsystem
[   15.082607] RTC time: 14:24:35, date: 11/26/17
[   15.181116] NET: Registered protocol family 16
[   15.287670] cpuidle: using governor ladder
[   15.407095] cpuidle: using governor menu
[   15.463101] PCCT header not found.
[   15.495701] ACPI: bus type PCI registered
[   15.496409] acpiphp: ACPI Hot Plug PCI Controller Driver version: 0.5
[   15.580469] PCI: Using configuration type 1 for base access
[   15.724203] HugeTLB registered 2 MB page size, pre-allocated 0 pages
[   15.862400] ACPI: Added _OSI(Module Device)
[   15.958521] ACPI: Added _OSI(Processor Device)
[   16.053401] ACPI: Added _OSI(3.0 _SCP Extensions)
[   16.156489] ACPI: Added _OSI(Processor Aggregator Device)
[   16.270084] ACPI: Executed 1 blocks of module-level executable AML code
[   16.381185] ACPI: Interpreter enabled
[   16.442783] ACPI: (supports S0 S5)
[   16.516571] ACPI: Using IOAPIC for interrupt routing
[   16.570289] PCI: Using host bridge windows from ACPI; if necessary, use "pci=nocrs" and report a bug
[   16.706711] ACPI: PCI Root Bridge [PCI0] (domain 0000 [bus 00-ff])
[   16.835054] acpi PNP0A03:00: _OSC: OS supports [ASPM ClockPM Segments MSI]
[   16.975090] acpi PNP0A03:00: _OSC failed (AE_NOT_FOUND); disabling ASPM
[   17.112844] acpi PNP0A03:00: fail to add MMCONFIG information, can't access extended PCI configuration space under this bridge.
[   17.373129] PCI host bridge to bus 0000:00
[   17.482682] pci_bus 0000:00: root bus resource [io  0x0000-0x0cf7 window]
[   17.632575] pci_bus 0000:00: root bus resource [io  0x0d00-0xffff window]
[   17.696954] pci_bus 0000:00: root bus resource [mem 0x000a0000-0x000bffff window]
[   17.764333] pci_bus 0000:00: root bus resource [mem 0x20000000-0xffdfffff window]
[   17.910476] pci_bus 0000:00: root bus resource [bus 00-ff]
[   18.047076] pci 0000:00:01.1: legacy IDE quirk: reg 0x10: [io  0x01f0-0x01f7]
[   18.208795] pci 0000:00:01.1: legacy IDE quirk: reg 0x14: [io  0x03f6]
[   18.354254] pci 0000:00:01.1: legacy IDE quirk: reg 0x18: [io  0x0170-0x0177]
[   18.499231] pci 0000:00:01.1: legacy IDE quirk: reg 0x1c: [io  0x0376]
[   18.648828] pci 0000:00:07.0: quirk: [io  0x4000-0x403f] claimed by PIIX4 ACPI
[   18.780984] pci 0000:00:07.0: quirk: [io  0x4100-0x410f] claimed by PIIX4 SMB
[   18.853835] ACPI: PCI Interrupt Link [LNKA] (IRQs 5 9 10 *11)
[   18.958851] ACPI: PCI Interrupt Link [LNKB] (IRQs 5 9 10 *11)
[   19.081386] ACPI: PCI Interrupt Link [LNKC] (IRQs 5 9 *10 11)
[   19.201597] ACPI: PCI Interrupt Link [LNKD] (IRQs 5 *9 10 11)
[   19.354929] ACPI: Enabled 2 GPEs in block 00 to 07
[   19.455962] SCSI subsystem initialized
[   19.545152] pci 0000:00:02.0: vgaarb: setting as boot VGA device
[   19.679276] pci 0000:00:02.0: vgaarb: VGA device added: decodes=io+mem,owns=io+mem,locks=none
[   19.856850] pci 0000:00:02.0: vgaarb: bridge control possible
[   19.917601] vgaarb: loaded
[   19.948506] ACPI: bus type USB registered
[   20.034537] usbcore: registered new interface driver usbfs
[   20.137852] usbcore: registered new interface driver hub
[   20.231184] usbcore: registered new device driver usb
[   20.355566] PCI: Using ACPI for IRQ routing
[   20.448833] NetLabel: Initializing
[   20.524138] NetLabel:  domain hash size = 128
[   20.622645] NetLabel:  protocols = UNLABELED CIPSOv4 CALIPSO
[   20.743369] NetLabel:  unlabeled traffic allowed by default
[   20.860993] clocksource: Switched to clocksource kvm-clock
[   20.990327] VFS: Disk quotas dquot_6.6.0
[   21.060802] VFS: Dquot-cache hash table entries: 512 (order 0, 4096 bytes)
[   21.241868] AppArmor: AppArmor Filesystem Enabled
[   21.362201] pnp: PnP ACPI init
[   21.439362] pnp: PnP ACPI: found 3 devices
[   21.542776] clocksource: acpi_pm: mask: 0xffffff max_cycles: 0xffffff, max_idle_ns: 2085701024 ns
[   21.751527] NET: Registered protocol family 2
[   21.871489] TCP established hash table entries: 4096 (order: 3, 32768 bytes)
[   22.090938] TCP bind hash table entries: 4096 (order: 4, 65536 bytes)
[   22.124865] TCP: Hash tables configured (established 4096 bind 4096)
[   22.143723] UDP hash table entries: 256 (order: 1, 8192 bytes)
[   22.212031] UDP-Lite hash table entries: 256 (order: 1, 8192 bytes)
[   22.354719] NET: Registered protocol family 1
[   22.431120] pci 0000:00:00.0: Limiting direct PCI/PCI transfers
[   22.565833] pci 0000:00:01.0: Activating ISA DMA hang workarounds
[   22.695445] pci 0000:00:02.0: Video device with shadowed ROM at [mem 0x000c0000-0x000dffff]
[   22.941836] Unpacking initramfs...
[   24.819676] Freeing initrd memory: 11532K
[   24.943787] platform rtc_cmos: registered platform RTC device (no PNP device found)
[   25.089752] Scanning for low memory corruption every 60 seconds
[   25.122989] audit: initializing netlink subsys (disabled)
[   25.184770] audit: type=2000 audit(1511706272.545:1): initialized
[   25.184989] Initialise system trusted keyrings
[   25.185060] workingset: timestamp_bits=36 max_order=17 bucket_order=0
[   25.186459] zbud: loaded
[   25.186864] squashfs: version 4.0 (2009/01/31) Phillip Lougher
[   25.187040] fuse init (API version 7.26)
[   25.187730] Key type asymmetric registered
[   25.187731] Asymmetric key parser 'x509' registered
[   25.187766] Block layer SCSI generic (bsg) driver version 0.4 loaded (major 248)
[   25.187785] io scheduler noop registered
[   25.187786] io scheduler deadline registered
[   25.187797] io scheduler cfq registered (default)
[   25.973048] tsc: Refined TSC clocksource calibration: 2711.496 MHz
[   25.973053] clocksource: tsc: mask: 0xffffffffffffffff max_cycles: 0x2715aa35bd8, max_idle_ns: 440795243951 ns
[   26.566439] ACPI: AC Adapter [AC] (off-line)
[   26.590327] input: Power Button as /devices/LNXSYSTM:00/LNXPWRBN:00/input/input0
[   26.761728] ACPI: Power Button [PWRF]
[   26.848869] input: Sleep Button as /devices/LNXSYSTM:00/LNXSLPBN:00/input/input1
[   27.042856] ACPI: Sleep Button [SLPF]
[   27.156065] GHES: HEST is not enabled!
[   27.156938] ACPI: Battery Slot [BAT0] (battery present)
[   27.371662] Serial: 8250/16550 driver, 32 ports, IRQ sharing enabled
[   27.614096] 00:02: ttyS0 at I/O 0x3f8 (irq = 4, base_baud = 115200) is a 16550A
[   27.669000] Linux agpgart interface v0.103
[   27.692415] loop: module loaded
[   27.719374] scsi host0: ata_piix
[   27.730152] scsi host1: ata_piix
[   27.812020] ata1: PATA max UDMA/33 cmd 0x1f0 ctl 0x3f6 bmdma 0xd000 irq 14
[   28.000451] ata2: PATA max UDMA/33 cmd 0x170 ctl 0x376 bmdma 0xd008 irq 15
[   28.171183] libphy: Fixed MDIO Bus: probed
[   28.272255] tun: Universal TUN/TAP device driver, 1.6
[   28.415628] tun: (C) 1999-2004 Max Krasnyansky <maxk@qualcomm.com>
[   28.594391] PPP generic driver version 2.4.2
[   28.729963] ehci_hcd: USB 2.0 'Enhanced' Host Controller (EHCI) Driver
[   28.773819] ehci-pci: EHCI PCI platform driver
[   28.781346] ehci-platform: EHCI generic platform driver
[   28.790843] ohci_hcd: USB 1.1 'Open' Host Controller (OHCI) Driver
[   28.801496] ohci-pci: OHCI PCI platform driver
[   28.811044] ohci-platform: OHCI generic platform driver
[   28.818524] uhci_hcd: USB Universal Host Controller Interface driver
[   28.821278] i8042: PNP: PS/2 Controller [PNP0303:PS2K,PNP0f03:PS2M] at 0x60,0x64 irq 1,12
[   28.823147] serio: i8042 KBD port at 0x60,0x64 irq 1
[   28.823981] serio: i8042 AUX port at 0x60,0x64 irq 12
[   28.824976] mousedev: PS/2 mouse device common for all mice
[   28.827935] input: AT Translated Set 2 keyboard as /devices/platform/i8042/serio0/input/input2
[   28.960418] rtc_cmos rtc_cmos: rtc core: registered rtc_cmos as rtc0
[   29.093345] rtc_cmos rtc_cmos: alarms up to one day, 114 bytes nvram
[   29.221468] i2c /dev entries driver
[   29.296829] device-mapper: uevent: version 1.0.3
[   29.408073] device-mapper: ioctl: 4.35.0-ioctl (2016-06-23) initialised: dm-devel@redhat.com
[   29.537418] ledtrig-cpu: registered to indicate activity on CPUs
[   29.639588] NET: Registered protocol family 10
[   29.746780] Segment Routing with IPv6
[   29.822113] NET: Registered protocol family 17
[   29.871007] Key type dns_resolver registered
[   29.909704] registered taskstats version 1
[   29.949664] Loading compiled-in X.509 certificates
[   30.081922] Loaded X.509 cert 'Build time autogenerated kernel key: b6e24248d7a56b9e9b1332be2b5324f24ca5536a'
[   30.401725] zswap: loaded using pool lzo/zbud
[   30.550640] Key type big_key registered
[   30.635695] Key type trusted registered
[   30.723354] Key type encrypted registered
[   30.844202] AppArmor: AppArmor sha1 policy hashing enabled
[   30.959056] ima: No TPM chip found, activating TPM-bypass! (rc=-19)
[   30.976263] evm: HMAC attrs: 0x1
[   30.995397]   Magic number: 9:843:435
[   31.004578] rtc_cmos rtc_cmos: setting system clock to 2017-11-26 14:24:51 UTC (1511706291)
[   31.021383] BIOS EDD facility v0.16 2004-Jun-25, 0 devices found
[   31.030224] EDD information not available.
[   31.062548] Freeing unused kernel memory: 2236K
[   31.183314] Write protecting the kernel read-only data: 14336k
[   31.333487] Freeing unused kernel memory: 1132K
[   31.439216] Freeing unused kernel memory: 276K
[   31.566682] x86/mm: Checked W+X mappings: passed, no W+X pages found.
Loading, please [   31.735351] random: systemd-udevd: uninitialized urandom read (16 bytes read)
wait...
startin[   31.735838] random: udevadm: uninitialized urandom read (16 bytes read)
g version 232
[   31.735857] random: udevadm: uninitialized urandom read (16 bytes read)
[   31.741772] random: udevadm: uninitialized urandom read (16 bytes read)
[   31.741790] random: udevadm: uninitialized urandom read (16 bytes read)
[   31.742206] random: udevadm: uninitialized urandom read (16 bytes read)
[   31.742238] random: udevadm: uninitialized urandom read (16 bytes read)
[   31.742246] random: udevadm: uninitialized urandom read (16 bytes read)
[   31.742372] random: udevadm: uninitialized urandom read (16 bytes read)
[   31.742403] random: udevadm: uninitialized urandom read (16 bytes read)
[   32.801784] e1000: Intel(R) PRO/1000 Network Driver - version 7.3.21-k8-NAPI
[   32.962829] e1000: Copyright (c) 1999-2006 Intel Corporation.
[   33.056036] Fusion MPT base driver 3.04.20
[   33.131443] Copyright (c) 1999-2008 LSI Corporation
[   33.215712] AVX version of gcm_enc/dec engaged.
[   33.258690] AES CTR mode by8 optimization enabled
[   33.364921] Fusion MPT SPI Host driver 3.04.20
[   33.572179] input: ImExPS/2 Generic Explorer Mouse as /devices/platform/i8042/serio1/input/input4
[   33.675401] e1000 0000:00:03.0 eth0: (PCI:33MHz:32-bit) 02:07:ca:bf:30:46
[   33.807460] e1000 0000:00:03.0 eth0: Intel(R) PRO/1000 Network Connection
[   33.955557] mptbase: ioc0: Initiating bringup
[   33.998738] e1000 0000:00:03.0 enp0s3: renamed from eth0
[   34.173306] ioc0: LSI53C1030 A0: Capabilities={Initiator}
[   34.523314] scsi host2: ioc0: LSI53C1030 A0, FwRev=00000000h, Ports=1, MaxQ=256, IRQ=20
[   34.838527] scsi 2:0:0:0: Direct-Access     VBOX     HARDDISK         1.0  PQ: 0 ANSI: 5
[   35.050449] scsi target2:0:0: Beginning Domain Validation
[   35.167647] scsi target2:0:0: Domain Validation skipping write tests
[   35.301913] scsi target2:0:0: Ending Domain Validation
[   35.404289] scsi target2:0:0: asynchronous
[   35.517597] scsi 2:0:1:0: Direct-Access     VBOX     HARDDISK         1.0  PQ: 0 ANSI: 5
[   35.698541] scsi target2:0:1: Beginning Domain Validation
[   35.843958] scsi target2:0:1: Domain Validation skipping write tests
[   36.024536] scsi target2:0:1: Ending Domain Validation
[   36.140830] scsi target2:0:1: asynchronous
[   36.237240] random: fast init done
[   36.311810] sd 2:0:0:0: Attached scsi generic sg0 type 0
[   36.435553] sd 2:0:0:0: [sda] 20971520 512-byte logical blocks: (10.7 GB/10.0 GiB)
[   36.435616] sd 2:0:1:0: Attached scsi generic sg1 type 0
[   36.541896] sd 2:0:1:0: [sdb] 20480 512-byte logical blocks: (10.5 MB/10.0 MiB)
[   36.541943] sd 2:0:1:0: [sdb] Write Protect is off
[   36.542077] sd 2:0:1:0: [sdb] Incomplete mode parameter data
[   36.542078] sd 2:0:1:0: [sdb] Assuming drive cache: write through
[   36.549979] sd 2:0:1:0: [sdb] Attached SCSI disk
[   36.565147] floppy0: no floppy controllers found
[   36.565190] work still pending
[   37.132906] sd 2:0:0:0: [sda] Write Protect is off
[   37.243776] sd 2:0:0:0: [sda] Incomplete mode parameter data
[   37.389684] sd 2:0:0:0: [sda] Assuming drive cache: write through
[   37.530797]  sda: sda1
[   37.593573] sd 2:0:0:0: [sda] Attached SCSI disk
Begin: Loading essential drivers ... [   39.037360] raid6: sse2x1   gen() 10599 MB/s
[   39.153224] raid6: sse2x1   xor()  7536 MB/s
[   39.277469] raid6: sse2x2   gen() 12237 MB/s
[   39.373304] raid6: sse2x2   xor()  8745 MB/s
[   39.465089] raid6: sse2x4   gen() 13509 MB/s
[   39.561082] raid6: sse2x4   xor()  5625 MB/s
[   39.603312] raid6: using algorithm sse2x4 gen() 13509 MB/s
[   39.707208] raid6: .... xor() 5625 MB/s, rmw enabled
[   39.783939] raid6: using ssse3x2 recovery algorithm
[   39.864395] xor: automatically using best checksumming function   avx       
[   39.898058] async_tx: api initialized (async)
done.
Begin: Running /scripts/init-p[   40.021734] Btrfs loaded, crc32c=crc32c-intel
remount ... done.
Begin: Mounting root file system ... Begin: Running /scripts/local-top ... done.
Begin: Running /scripts/local-premount ... Scanning for Btrfs filesystems
done.
Warning: fsck not present, so skipping root file system
[   40.166728] EXT4-fs (sda1): mounted filesystem with ordered data mode. Opts: (null)
done.
Begin: Running /scripts/local-bottom ... done.
Begin: Running /scripts/init-bottom ... /scripts/init-bottom/plymouth: line 18: /bin/plymouth: not found
done.
[   40.435375] ip_tables: (C) 2000-2006 Netfilter Core Team
[   40.481903] systemd[1]: systemd 232 running in system mode. (+PAM +AUDIT +SELINUX +IMA +APPARMOR +SMACK +SYSVINIT +UTMP +LIBCRYPTSETUP +GCRYPT +GNUTLS +ACL +XZ +LZ4 +SECCOMP +BLKID +ELFUTILS +KMOD +IDN)
[   40.756504] systemd[1]: Detected virtualization oracle.
[   40.901352] systemd[1]: Detected architecture x86-64.

Welcome to [1mUbuntu 17.04[0m!

[   41.009594] systemd[1]: Set hostname to <ubuntu>.
[   41.025033] systemd[1]: Initializing machine ID from random generator.
[   41.087602] systemd[1]: Installed transient /etc/machine-id file.
[   41.410128] systemd[1]: Created slice User and Session Slice.
[[0;32m  OK  [0m] Created slice User and Session Slice.
[   41.441349] systemd[1]: Listening on LVM2 poll daemon socket.
[[0;32m  OK  [0m] Listening on LVM2 poll daemon socket.
[   41.650074] systemd[1]: Created slice System Slice.
[[0;32m  OK  [0m] Created slice System Slice.
[   41.832386] systemd[1]: Listening on udev Control Socket.
[[0;32m  OK  [0m] Listening on udev Control Socket.
         Mounting Huge Pages File System...
[[0;32m  OK  [0m] Listening on Journal Socket.
         Startin[   42.069173] EXT4-fs (sda1): re-mounted. Opts: (null)
g Remount Root and Kernel File Systems...
[[0;32m  OK  [0m] Reached target Slices.
         Starting Load Kernel Mo[   42.186763] Loading iSCSI transport class v2.0-870.
dules...
[[0;32m  OK  [[   42.303360] iscsi: registered transport (tcp)
0m] Listening on LVM2 metadata daemon socket.
[   42.411120] iscsi: registered transport (iser)
         Starting Uncomplicated firewall...
         Mounting Debug File System...
[[0;32m  OK  [0m] Listening on /dev/initctl Compatibility Named Pipe.
[[0;32m  OK  [0m] Listening on Syslog Socket.
[[0;32m  OK  [0m] Listening on Device-mapper event daemon FIFOs.
         Starting Monitoring of LVM2 mirrors…ng dmeventd or progress polling...
         Starting Set the console keyboard layout...
[[0;32m  OK  [0m] Set up automount Arbitrary Executab…rmats File System Automount Point.
[[0;32m  OK  [0m] Listening on Journal Audit Socket.
[[0;32m  OK  [0m] Created slice system-serial\x2dgetty.slice.
[[0;32m  OK  [0m] Listening on udev Kernel Socket.
         Starting Nameserver information manager...
[[0;32m  OK  [0m] Listening on Journal Socket (/dev/log).
         Startin[   43.130817] random: crng init done
g Journal Service...
         Mounting POSIX Message Queue File System...
[[0;32m  OK  [0m] Started Forward Password Requests to Wall Directory Watch.
         Starting Create list of required st…ce nodes for the current kernel...
[[0;32m  OK  [0m] Reached target User and Group Name Lookups.
[[0;32m  OK  [0m] Reached target Swap.
[[0;32m  OK  [0m] Mounted Huge Pages File System.
[[0;32m  OK  [0m] Mounted Debug File System.
[[0;32m  OK  [0m] Mounted POSIX Message Queue File System.
[[0;32m  OK  [0m] Started Journal Service.
[[0;32m  OK  [0m] Started Remount Root and Kernel File Systems.
[[0;32m  OK  [0m] Started Load Kernel Modules.
[[0;32m  OK  [0m] Started Uncomplicated firewall.
[[0;32m  OK  [0m] Started Create list of required sta…vice nodes for the current kernel.
[[0;32m  OK  [0m] Started Nameserver information manager.
[[0;32m  OK  [0m] Started LVM2 metadata daemon.
         Starting Create Static Device Nodes in /dev...
         Mounting Configuration File System...
         Starting Apply Kernel Variables...
         Mounting FUSE Control File System...
         Starting udev Coldplug all Devices...
         Starting Load/Save Random Seed...
         Starting Initial cloud-init job (pre-networking)...
         Starting Flush Journal to Persistent Storage...
[[0;32m  OK  [0m] Mounted Configuration File System.
[[0;32m  OK  [0m] Mounted FUSE Control File System.
[[0;32m  OK  [0m] Started Monitoring of LVM2 mirrors,…sing dmeventd or progress polling.
[[0;32m  OK  [0m] Started Create Static Device Nodes in /dev.
[[0;32m  OK  [0m] Started Apply Kernel Variables.
[[0;32m  OK  [0m] Started Load/Save Random Seed.
[[0;32m  OK  [0m] Started udev Coldplug all Devices.
         Starting udev Kernel Device Manager...
[[0;32m  OK  [0m] Started Flush Journal to Persistent Storage.
[[0;32m  OK  [0m] Started udev Kernel Device Manager.
[[0;32m  OK  [0m] Found device /dev/ttyS0.
[[0;32m  OK  [0m] Started Set the console keyboard layout.
[[0;32m  OK  [0m] Started Dispatch Password Requests to Console Directory Watch.
[[0;32m  OK  [0m] Reached target Encrypted Volumes.
[[0;32m  OK  [0m] Reached target Local File Systems (Pre).
[[0;32m  OK  [0m] Reached target Local File Systems.
         [   25.035186] Starting Tell Plymouth To Write Out Runtime Data...cloud-init
[478]: Cloud-init v. 0.7.9 running 'init-local' at Sun, 26 Nov 2017 14:25:05 +0000. Up 24.82 seconds.
         Starting Commit a transient machine-id on disk...
         Starting Set console font and keymap...
         Starting AppArmor initialization...
         Starting Create Volatile Files and Directories...
         Starting ebtables ruleset management...
[[0;32m  OK  [0m] Started Tell Plymouth To Write Out Runtime Data.
[[0;32m  OK  [0m] Started Commit a transient machine-id on disk.
[[0;32m  OK  [0m] Started Set console font and keymap.
[[0;32m  OK  [0m] Started Create Volatile Files and Directories.
[[0;32m  OK  [0m] Started Initial cloud-init job (pre-networking).
[[0;32m  OK  [0m] Listening on Load/Save RF Kill Switch Status /dev/rfkill Watch.
         Starting Update UTMP about System Boot/Shutdown...
[[0;32m  OK  [0m] Reached target System Time Synchronized.
[[0;32m  OK  [0m] Started ebtables ruleset management.
[[0;32m  OK  [0m] Reached target Network (Pre).
[[0;32m  OK  [0m] Started Update UTMP about System Boot/Shutdown.
[[0;32m  OK  [0m] Started AppArmor initialization.
         Starting Raise network interfaces...
[[0;32m  OK  [0m] Started Raise network interfaces.
[[0;32m  OK  [0m] Reached target Network.
         Starting Initial cloud-init job (metadata service crawler)...
[   29.434549] cloud-init[1012]: Cloud-init v. 0.7.9 running 'init' at Sun, 26 Nov 2017 14:25:09 +0000. Up 28.57 seconds.
[[   29.544962] cloud-init[1012]: ci-info: +++++++++++++++++++++++++++++Net device info++++++++++++++++++++++++++++++
[   29.545129] cloud-init[1012]: ci-info: +---------+------+-----------+---------------+-------+-------------------+
[0;32m  OK  [0m] Started Initial cloud-init job (metadata service crawler).
[   29.545242] cloud-init[1012]: ci-info: |  Device |  Up  |  Address  |      Mask     | Scope |     Hw-Address    |
[[0;32m  OK  [0m[   29.782205] ] cloud-initReached target System Initialization.[1012]: 
ci-info: +---------+------+-----------+---------------+-------+-------------------+
[   29.782504] cloud-init[1012]: ci-info: | enp0s3: | True | 10.0.2.15 | 255.255.255.0 |   .   | 02:07:ca:bf:30:46 |
[   30.036255] cloud-init[1012]: ci-info: | enp0s3: | True |     .     |       .       |   d   | 02:07:ca:bf:30:46 |
[   30.036367] cloud-init[1012]: ci-info: |   lo:   | True | 127.0.0.1 |   255.0.0.0   |   .   |         .         |
[[0;32m  OK  [0m] Listening on D-Bus System Message Bus Socket.
[   30.036541] cloud-init[1012]: ci-info: |   lo:   | True |     .     |       .       |   d   |         .         |
         [   30.392583] Starting Socket activation for snappy daemon.cloud-init
[1012]: ci-info: +---------+------+-----------+---------------+-------+-------------------+
         [   30.556439] Starting LXD - unix socket.cloud-init
[1012]: ci-info: +++++++++++++++++++++++++++Route IPv4 info++++++++++++++++++++++++++++
[[   30.688675] cloud-init[1012]: ci-info: +-------+-------------+----------+---------------+-----------+-------+
[   30.688895] cloud-init[1012]: ci-info: | Route | Destination | Gateway  |    Genmask    | Interface | Flags |
[0;32m  OK  [0m] Started Daily Cleanup of Temporary Directories.
[   30.689033] cloud-init[1012]: ci-info: +-------+-------------+----------+---------------+-----------+-------+
[[   30.956637] cloud-init[1012]: ci-info: |   0   |   0.0.0.0   | 10.0.2.2 |    0.0.0.0    |   enp0s3  |   UG  |
[   30.956900] cloud-init[1012]: ci-info: |   1   |   10.0.2.0  | 0.0.0.0  | 255.255.255.0 |   enp0s3  |   U   |
[0;32m  OK  [0m] Started Message of the Day.
[   30.957209] cloud-init[1012]: ci-info: +-------+-------------+----------+---------------+-----------+-------+
[[   31.312602] cloud-init[1012]: Generating public/private rsa key pair.
[   31.312840] cloud-init[1012]: Your identification has been saved in /etc/ssh/ssh_host_rsa_key.
[0;32m  OK  [0m] Started Timer to automatically refresh installed snaps.
[   31.312991] cloud-init[1012]: Your public key has been saved in /etc/ssh/ssh_host_rsa_key.pub.
[[0;32m  OK  [0m] Listening on ACPID Listen Socket.
[   31.552921] cloud-init[1012]: The key fingerprint is:
[[0;32m  OK  [0m] Listening on UUID daemon activation socket.
[   31.696849] cloud-init[1012]: SHA256:UrBAbjrCmCvFTyBeqsC08ota1wjyd7m4lV57rdr1kGE root@ubuntu-zesty
[[   31.877244] cloud-init[1012]: The key's randomart image is:
[   31.877549] cloud-init[1012]: +---[RSA 2048]----+
[0;32m  OK  [0m] Started ACPI Events Check.
[[   31.877646] cloud-init[1012]: |   .o .          |
[   31.983475] cloud-init[1012]: |   . . o         |
[0;32m  OK  [0m] Reached target Paths.
[[   31.983609] cloud-init[1012]: |....o . .        |
[   32.072505] cloud-init[1012]: |*+++   .         |
[0;32m  OK  [0m] Reached target Cloud-config availability.
[   32.072574] cloud-init[1012]: |B** . . S   E    |
[[   32.260532] cloud-init[1012]: |+B = o +   . o   |
[   32.260808] cloud-init[1012]: |+ + = * .  .+    |
[0;32m  OK  [0m] Listening on Socket activation for snappy daemon.
[   32.260978] cloud-init[1012]: |.o + = o o...o   |
[[   32.468424] cloud-init[1012]: |+ . o.o ooo.  .  |
[   32.468550] cloud-init[1012]: +----[SHA256]-----+
[0;32m  OK  [0m] Listening on LXD - unix socket.
[   32.468687] cloud-init[1012]: Generating public/private dsa key pair.
[   32.616974] cloud-init[1012]: Your identification has been saved in /etc/ssh/ssh_host_dsa_key.
[[0;32m  OK  [0m] Reached target Sockets.
[[   32.617175] cloud-init[1012]: Your public key has been saved in /etc/ssh/ssh_host_dsa_key.pub.
[   32.816897] cloud-init[1012]: The key fingerprint is:
[0;32m  OK  [0m] Reached target Basic System.
[   32.816994] cloud-init[1012]: SHA256:Lj7QPlhxRdApVZEMiyV1n3Na0itauNWo2/EBvExpQdI root@ubuntu-zesty
[[   33.092271] cloud-init[1012]: The key's randomart image is:
[   33.092399] cloud-init[1012]: +---[DSA 1024]----+
[0;32m  OK  [0m] Started ACPI event daemon.
         Starting Login Service...
         Starting Accounts Service...
         Starting LSB: Record successful boot for GRUB...
[[0;32m  OK  [0m] Started Unattended Upgrades Shutdown.
[   33.092549] cloud-init[1012]: |        o***=+   |
         Starting Network Name Resolution...
[   33.383030] cloud-init[1012]: |        .++o=E o |
         Starting Snappy daemon...
[[0;32m  OK  [0m] Started Deferred execution scheduler.
[   33.454172] cloud-init[1012]: |        .o.  .= +|
[   33.484619] cloud-init[1012]: |      . .   o =*.|
[   33.496468] cloud-init[1012]: |     . oS  . @.o |
[[0;32m  OK  [0m] Started Regular background program processing daemon.
[[0;32m  OK  [0m] Started FUSE filesystem for LXC.
         Starting LXD - container startup/shutdown...
[[0;32m  OK  [0m] Started D-Bus System Message Bus.
[   33.546977] cloud-init[1012]: |    . o.    X +  |
[   33.716192] cloud-init[1012]: |     =. .  + + . |
[   33.725469] cloud-init[1012]: |    ..+.    o o .|
[   33.736138] cloud-init[1012]: |      .o   . . . |
[   33.745797] cloud-init[1012]: +----[SHA256]-----+
[   33.776244] cloud-init[1012]: Generating public/private ecdsa key pair.
         [   33.805852] Starting System Logging Service...cloud-init
[1012]: Your identification has been saved in /etc/ssh/ssh_host_ecdsa_key.
[[   33.825743] cloud-init[1012]: Your public key has been saved in /etc/ssh/ssh_host_ecdsa_key.pub.
[   33.825845] cloud-init[1012]: The key fingerprint is:
[   33.825961] cloud-init[1012]: SHA256:JK5m5NkepqwZZOQvtA4vPxBJEVX1LaoUPWPVOfEd4/I root@ubuntu-zesty
[   33.826080] cloud-init[1012]: The key's randomart image is:
[   33.826202] cloud-init[1012]: +---[ECDSA 256]---+
[   33.826324] cloud-init[1012]: | o+..... ...o  o |
[   33.826446] cloud-init[1012]: | .    . o .+. o o|
[0;32m  OK  [0m] Started Snappy daemon.
[   33.826579] cloud-init[1012]: |...  ..=.o ..o o |
[   33.858064] cloud-init[1012]: |oo   .oo+ .   o  |
[[0;32m  OK  [0m] Started Login Service.
[   33.888417] cloud-init[1012]: | .= ....S      E |
[[0;32m  OK  [0m] Started System Logging Service.
[   33.889399] cloud-init[1012]: |.+ =.+.          |
[   33.948540] cloud-init[1012]: |..+ B.+          |
[[   34.004323] cloud-init[1012]: |.+.B + .         |
[   34.004497] cloud-init[1012]: | o*oo .          |
[0;32m  OK  [0m] Started LXD - container startup/shutdown.
[   34.004650] cloud-init[1012]: +----[SHA256]-----+
[   34.192558] cloud-init[1012]: Generating public/private ed25519 key pair.
[[0;32m  OK  [0m] Started LSB: Record successful boot for GRUB.
[[0;32m  OK  [0m] Started Network Name Resolution.
[   34.238426] cloud-init[1012]: Your identification has been saved in /etc/ssh/ssh_host_ed25519_key.
[   34.424802]          cloud-initStarting Authorization Manager...[1012]: 
Your public key has been saved in /etc/ssh/ssh_host_ed25519_key.pub.
[[0;32m  OK  [0m] Reached target Network is Online.
[   34.556732] cloud-init[1012]: The key fingerprint is:
         Starting iSCSI initiator daemon (iscsid)...
[   34.664589] cloud-init[1012]: SHA256:7ws0G17+NqFPx0QSP10yhnCg3ssvl2Qa2slhBPUncvw root@ubuntu-zesty
         Starting Pollinate to seed the pseudo random number generator...
[   34.808570] [cloud-init[0;32m  OK  [0m[1012]: ] The key's randomart image is:Started Daily apt download activities.

[[0;32m  OK  [0m] Started Daily apt upgrade and clean activities.
[   34.836639] [cloud-init[0;32m  OK  [0m[1012]: ] +--[ED25519 256]--+Reached target Timers.

         Starting Apply the settings specified in cloud-config...
[   34.924401] cloud-init[1012]: |         .+oo.+ .|
[[0;32m  OK  [0m] Started Authorization Manager.
[[0;32m  OK  [0m] Started iSCSI initiator daemon (iscsid).
[[0;32m  OK  [0m] Started Accounts Service.
         Starting Login to default iSCSI targets...
[   35.042439] cloud-init[1012]: |        .. +.+ +.|
[   35.288738] cloud-init[1012]: |        ... * = .|
[   35.316423] cloud-init[1012]: |       . ..o * . |
[   35.344282] cloud-init[1012]: |        S.o   E  |
[[0;32m  OK  [0m] Started Login to default iSCSI targets.
[   35.387217] [cloud-init[0;32m  OK  [0m[1012]: ] |       o O+.+o   |Reached target Remote File Systems (Pre).

[[0;32m  OK  [0m] Reached target Remote File Systems.
[   35.496566] cloud-init[1012]: |        +==O.oo  |
         Starting Permit User Sessions...
[   35.568914] cloud-init[1012]: |        .oB+=.   |
         Starting LSB: VirtualBox Linux Additions...
[   35.641429] cloud-init[1012]: |          o*+.   |
         Starting LSB: automatic crash report generation...
[   35.729921] cloud-init[1012]: +----[SHA256]-----+
         Starting LSB: daemon to balance interrupts for SMP systems...
[   35.813819] cloud-init[1428]: Generating locales (this might take a while)...
[[0;32m  OK  [0m] Started Permit User Sessions.
         Starting Terminate Plymouth Boot Screen...
         Starting Hold until boot process finishes up...
[[0;32m  OK  [0m] Started Terminate Plymouth Boot Screen.
[[0;32m  OK  [0m] Started LSB: VirtualBox Linux Additions.
[[0;32m  OK  [0m] Started Hold until boot process finishes up.
[[0;32m  OK  [0m] Started Serial Getty on ttyS0.
         Starting Set console scheme...
[[0;32m  OK  [0m] Started LSB: automatic crash report generation.
[[0;32m  OK  [0m] Started LSB: daemon to balance interrupts for SMP systems.
[[0;32m  OK  [0m] Started Set console scheme.
[   36.334649] cloud-init[1428]:   en_US.UTF-8... done
[[0;32m  OK  [0m[   36.380642] ] cloud-initCreated slice system-getty.slice.[1428]: 
Generation complete.
[[0;32m  OK  [0m] Started Getty on tty1.
[[0;32m  OK  [0m] Reached target Login Prompts.
         Starting OpenBSD Secure Shell server...
[[0;32m  OK  [0m] Started OpenBSD Secure Shell server.
[[0;32m  OK  [0m] Created slice User Slice of ubuntu.
         Starting User Manager for UID 1000...
[[0;32m  OK  [0m] Started User Manager for UID 1000.
[   36.854514] cloud-init[1428]: Cloud-init v. 0.7.9 running 'modules:config' at Sun, 26 Nov 2017 14:25:15 +0000. Up 35.11 seconds.
[[0;32m  OK  [0m] Started Session 1 of user ubuntu.
[[0;32m  OK  [0m] Started Apply the settings specified in cloud-config.
[[0;32m  OK  [0m] Started Session 3 of user ubuntu.

Ubuntu 17.04 ubuntu-zesty ttyS0

ubuntu-zesty login: ci-info: +++++Authorized keys from /home/ubuntu/.ssh/authorized_keys for user ubuntu++++++
ci-info: +---------+-------------------------------------------------+---------+---------+
ci-info: | Keytype |                Fingerprint (md5)                | Options | Comment |
ci-info: +---------+-------------------------------------------------+---------+---------+
ci-info: | ssh-rsa | 6b:40:1b:b5:60:0e:d5:2d:69:7d:30:2c:eb:09:6d:57 |    -    | vagrant |
ci-info: +---------+-------------------------------------------------+---------+---------+
<14>Nov 26 14:25:26 ec2: 
<14>Nov 26 14:25:26 ec2: #############################################################
<14>Nov 26 14:25:26 ec2: -----BEGIN SSH HOST KEY FINGERPRINTS-----
<14>Nov 26 14:25:26 ec2: 1024 SHA256:Lj7QPlhxRdApVZEMiyV1n3Na0itauNWo2/EBvExpQdI root@ubuntu-zesty (DSA)
<14>Nov 26 14:25:26 ec2: 256 SHA256:JK5m5NkepqwZZOQvtA4vPxBJEVX1LaoUPWPVOfEd4/I root@ubuntu-zesty (ECDSA)
<14>Nov 26 14:25:26 ec2: 256 SHA256:7ws0G17+NqFPx0QSP10yhnCg3ssvl2Qa2slhBPUncvw root@ubuntu-zesty (ED25519)
<14>Nov 26 14:25:26 ec2: 2048 SHA256:UrBAbjrCmCvFTyBeqsC08ota1wjyd7m4lV57rdr1kGE root@ubuntu-zesty (RSA)
<14>Nov 26 14:25:26 ec2: -----END SSH HOST KEY FINGERPRINTS-----
<14>Nov 26 14:25:26 ec2: #############################################################
-----BEGIN SSH HOST KEY KEYS-----
ecdsa-sha2-nistp256 AAAAE2VjZHNhLXNoYTItbmlzdHAyNTYAAAAIbmlzdHAyNTYAAABBBBRT/qUy3l+5+ua9V2bHvm/vLeDGMZk7QjDUAuSc1peUb6SugcyHe8GHnLecTjMhWXqq5kmaugzEb9Gp1yEcJbo= root@ubuntu-zesty
ssh-ed25519 AAAAC3NzaC1lZDI1NTE5AAAAIGVLRzqLR2P/MPirRwsegDkjKrMwclkUNTGm8y9Zk50n root@ubuntu-zesty
ssh-rsa AAAAB3NzaC1yc2EAAAADAQABAAABAQC3FmGEVWF8nt9L5zbPQsPQGIdNZyQQh76thZDHztqebCXJVw7ZIXo6C3lWQjntdQfHhlAY1z8mO7f4pfO6ziZy/UAy6ltQcIBrN3Pn56Qn7EiFBFpMguI/NZv2SaQWC10X4YO40Me0PKe9EWkwd/Ty9eJeL/36yV38aalEe8xcoIBy891r26vUgxXe6sn0TGTYpM8ihqfMSNiuQkXj3YIAIxh1W2zMtqLwPHs6xIIAN6+3vjjKCNwXH/hwjDIcfF+ADWkfhVvoLZf4/3SygN9mJkhlOc49nEWZ/QpIVAuVRkz3RztZT1kWzEPULscDsdZ//amKv3/tDJmzCl5exHNb root@ubuntu-zesty
-----END SSH HOST KEY KEYS-----
[   45.916641] cloud-init[2043]: Cloud-init v. 0.7.9 running 'modules:final' at Sun, 26 Nov 2017 14:25:26 +0000. Up 45.63 seconds.
[   45.916868] cloud-init[2043]: Cloud-init v. 0.7.9 finished at Sun, 26 Nov 2017 14:25:26 +0000. Datasource DataSourceNoCloud [seed=/dev/sdb][dsmode=net].  Up 45.90 seconds
